<?xml version="1.0" encoding="UTF-8"?>
<testsuite xmlns:xsi="http://www.w3.org/2001/XMLSchema-instance" xsi:noNamespaceSchemaLocation="https://maven.apache.org/surefire/maven-surefire-plugin/xsd/surefire-test-report-3.0.xsd" version="3.0" name="ExampleTest" time="0.331" tests="4" errors="0" skipped="0" failures="0">
  <properties>
[...]
</properties>
  <testcase name="Determinant" classname="Matrix" time="0.094"/>
  <testcase name="Transpose" classname="Matrix" time="0.003"/>
  <testcase name="Inverse" classname="Matrix" time="0.002"/>
  <testcase name="Cofactor" classname="Matrix" time="0.001"/>
</testsuite>